<?xml version="1.0" encoding="UTF-8"?>
<!-- Generated by org.testng.reporters.JUnitReportReporter -->
<testsuite skipped="0" hostname="ASDP1590PO02037" name="com.qainfotech.Hris_Assertion_10.AppTest" tests="9" failures="0" timestamp="02 Jul 2018 05:59:50 GMT" time="45.013" errors="0">
  <testcase name="login1" time="0.094" classname="com.qainfotech.Hris_Assertion_10.AppTest"/>
  <testcase name="fail_login1" time="0.229" classname="com.qainfotech.Hris_Assertion_10.AppTest"/>
  <testcase name="fail_login2" time="2.181" classname="com.qainfotech.Hris_Assertion_10.AppTest"/>
  <testcase name="fail_login3" time="3.009" classname="com.qainfotech.Hris_Assertion_10.AppTest"/>
  <testcase name="fail_login4" time="2.840" classname="com.qainfotech.Hris_Assertion_10.AppTest"/>
  <testcase name="valid_login" time="5.480" classname="com.qainfotech.Hris_Assertion_10.AppTest"/>
  <testcase name="logout" time="7.548" classname="com.qainfotech.Hris_Assertion_10.AppTest"/>
  <testcase name="remember_user" time="21.726" classname="com.qainfotech.Hris_Assertion_10.AppTest"/>
  <testcase name="Forgot_Password" time="1.906" classname="com.qainfotech.Hris_Assertion_10.AppTest"/>
</testsuite> <!-- com.qainfotech.Hris_Assertion_10.AppTest -->
